\BOOKMARK [1][-]{section.1}{\376\377\000F\000o\000u\000n\000d\000a\000t\000i\000o\000n\000s\000\040\000o\000f\000\040\000t\000h\000e\000\040\000C\000M\000F\000O\000\040\000F\000r\000a\000m\000e\000w\000o\000r\000k}{}% 1
\BOOKMARK [2][-]{subsection.1.1}{\376\377\000T\000h\000e\000\040\000F\000r\000a\000c\000t\000a\000l\000\040\000T\000o\000r\000u\000s}{section.1}% 2
\BOOKMARK [1][-]{section.2}{\376\377\000D\000e\000f\000i\000n\000i\000t\000i\000o\000n\000\040\000o\000f\000\040\000t\000h\000e\000\040\000F\000r\000a\000c\000t\000a\000l\000\040\000T\000o\000r\000u\000s\000\040\000T\0007}{}% 3
\BOOKMARK [2][-]{subsection.2.1}{\376\377\000F\000r\000a\000c\000t\000a\000l\000\040\000H\000o\000p\000f\000\040\000A\000l\000g\000e\000b\000r\000a}{section.2}% 4
\BOOKMARK [1][-]{section.3}{\376\377\000F\000r\000a\000c\000t\000a\000l\000\040\000H\000o\000p\000f\000\040\000A\000l\000g\000e\000b\000r\000a\000\040\000o\000n\000\040\000t\000h\000e\000\040\000G\000o\000l\000d\000e\000n\000\040\000T\000o\000r\000u\000s\000\040\000T\0007}{}% 5
\BOOKMARK [2][-]{subsection.3.1}{\376\377\000F\000r\000a\000c\000t\000a\000l\000\040\000G\000e\000n\000e\000r\000a\000t\000o\000r\000s}{section.3}% 6
\BOOKMARK [2][-]{subsection.3.2}{\376\377\000F\000r\000a\000c\000t\000a\000l\000\040\000P\000r\000o\000d\000u\000c\000t\000\040\000S\000t\000r\000u\000c\000t\000u\000r\000e}{section.3}% 7
\BOOKMARK [2][-]{subsection.3.3}{\376\377\000F\000r\000a\000c\000t\000a\000l\000\040\000H\000o\000p\000f\000\040\000A\000l\000g\000e\000b\000r\000a}{section.3}% 8
\BOOKMARK [2][-]{subsection.3.4}{\376\377\000C\000a\000s\000i\000m\000i\000r\000\040\000O\000p\000e\000r\000a\000t\000o\000r\000\040\000a\000n\000d\000\040\000C\000e\000n\000t\000r\000a\000l\000i\000t\000y}{section.3}% 9
\BOOKMARK [2][-]{subsection.3.5}{\376\377\000U\000n\000i\000c\000i\000t\000y\000\040\000T\000h\000e\000o\000r\000e\000m\000s}{section.3}% 10
\BOOKMARK [1][-]{section.4}{\376\377\000S\000t\000r\000u\000c\000t\000u\000r\000a\000l\000\040\000U\000n\000i\000c\000i\000t\000y\000\040\000T\000h\000e\000o\000r\000e\000m\000s\000\040\000o\000f\000\040\000t\000h\000e\000\040\000C\000M\000F\000O\000\040\000F\000r\000a\000m\000e\000w\000o\000r\000k}{}% 11
\BOOKMARK [2][-]{subsection.4.1}{\376\377\000T\000h\000e\000o\000r\000e\000m\000\040\0001\000.\0001\000\040\040\024\000\040\000D\000i\000m\000e\000n\000s\000i\000o\000n\000a\000l\000\040\000U\000n\000i\000c\000i\000t\000y}{section.4}% 12
\BOOKMARK [2][-]{subsection.4.2}{\376\377\000T\000h\000e\000o\000r\000e\000m\000\040\0001\000.\0002\000\040\040\024\000\040\000R\000e\000v\000e\000r\000s\000i\000b\000i\000l\000i\000t\000y\000\040\000o\000f\000\040\000t\000h\000e\000\040\000A\000u\000t\000o\000m\000a\000t\000o\000n}{section.4}% 13
\BOOKMARK [2][-]{subsection.4.3}{\376\377\000T\000h\000e\000o\000r\000e\000m\000\040\0001\000.\0003\000\040\040\024\000\040\000C\000l\000o\000s\000u\000r\000e\000\040\000o\000f\000\040\000t\000h\000e\000\040\000C\000o\000m\000m\000u\000t\000a\000t\000o\000r}{section.4}% 14
\BOOKMARK [2][-]{subsection.4.4}{\376\377\000T\000h\000e\000o\000r\000e\000m\000\040\0001\000.\0004\000\040\040\024\000\040\000M\000i\000n\000i\000m\000a\000l\000\040\000F\000r\000a\000c\000t\000a\000l\000\040\000V\000a\000c\000u\000u\000m\000\040\000E\000n\000e\000r\000g\000y}{section.4}% 15
\BOOKMARK [2][-]{subsection.4.5}{\376\377\000T\000h\000e\000o\000r\000e\000m\000\040\0001\000.\0005\000\040\040\024\000\040\000M\000i\000n\000i\000m\000a\000l\000\040\000G\000a\000u\000g\000e\000\040\000C\000o\000u\000p\000l\000i\000n\000g}{section.4}% 16
\BOOKMARK [2][-]{subsection.4.6}{\376\377\000T\000h\000e\000o\000r\000e\000m\000\040\0001\000.\0006\000\040\040\024\000\040\000U\000n\000i\000q\000u\000e\000\040\000E\000i\000g\000e\000n\000f\000r\000e\000q\000u\000e\000n\000c\000y\000\040\000S\000p\000a\000c\000i\000n\000g}{section.4}% 17
\BOOKMARK [2][-]{subsection.4.7}{\376\377\000T\000h\000e\000o\000r\000e\000m\000\040\0001\000.\0007\000\040\040\024\000\040\000U\000n\000i\000v\000e\000r\000s\000e\040\023\000A\000u\000t\000o\000m\000a\000t\000o\000n\000\040\000I\000s\000o\000m\000o\000r\000p\000h\000i\000s\000m}{section.4}% 18
\BOOKMARK [2][-]{subsection.4.8}{\376\377\000T\000h\000e\000o\000r\000e\000m\000\040\0001\000.\0008\000\040\040\024\000\040\000G\000a\000u\000g\000e\000\040\000S\000y\000m\000m\000e\000t\000r\000y\000\040\000C\000l\000o\000s\000u\000r\000e}{section.4}% 19
\BOOKMARK [2][-]{subsection.4.9}{\376\377\000T\000h\000e\000o\000r\000e\000m\000\040\0001\000.\0009\000\040\040\024\000\040\000S\000p\000e\000c\000t\000r\000a\000l\000\040\000N\000o\000n\000-\000D\000e\000g\000e\000n\000e\000r\000a\000c\000y}{section.4}% 20
\BOOKMARK [2][-]{subsection.4.10}{\376\377\000T\000h\000e\000o\000r\000e\000m\000\040\0001\000.\0001\0000\000\040\040\024\000\040\000O\000p\000e\000r\000a\000t\000i\000o\000n\000a\000l\000\040\000C\000o\000m\000p\000l\000e\000t\000e\000n\000e\000s\000s}{section.4}% 21
\BOOKMARK [2][-]{subsection.4.11}{\376\377\000T\000h\000e\000o\000r\000e\000m\000\040\0001\000.\0001\0001\000\040\040\024\000\040\000E\000n\000e\000r\000g\000y\000\040\000C\000o\000n\000s\000e\000r\000v\000a\000t\000i\000o\000n}{section.4}% 22
\BOOKMARK [2][-]{subsection.4.12}{\376\377\000T\000h\000e\000o\000r\000e\000m\000\040\0001\000.\0001\0002\000\040\040\024\000\040\000M\000a\000x\000i\000m\000a\000l\000\040\000I\000n\000f\000o\000r\000m\000a\000t\000i\000o\000n\000\040\000C\000a\000p\000a\000c\000i\000t\000y}{section.4}% 23
\BOOKMARK [2][-]{subsection.4.13}{\376\377\000T\000h\000e\000o\000r\000e\000m\000\040\0001\000.\0001\0003\000\040\040\024\000\040\000F\000r\000a\000c\000t\000a\000l\000\040\000L\000a\000p\000l\000a\000c\000i\000a\000n\000\040\000S\000t\000r\000u\000c\000t\000u\000r\000e}{section.4}% 24
\BOOKMARK [2][-]{subsection.4.14}{\376\377\000T\000h\000e\000o\000r\000e\000m\000\040\0001\000.\0001\0004\000\040\040\024\000\040\000B\000a\000s\000e\000\040\000F\000r\000e\000q\000u\000e\000n\000c\000y\000\040\000U\000n\000i\000c\000i\000t\000y}{section.4}% 25
\BOOKMARK [2][-]{subsection.4.15}{\376\377\000T\000h\000e\000o\000r\000e\000m\000\040\0001\000.\0001\0005\000\040\040\024\000\040\000C\000o\000m\000p\000u\000t\000a\000t\000i\000o\000n\000a\000l\000\040\000S\000u\000p\000r\000e\000m\000a\000c\000y}{section.4}% 26
\BOOKMARK [2][-]{subsection.4.16}{\376\377\000T\000h\000e\000o\000r\000e\000m\000\040\0001\000.\0001\0006\000\040\040\024\000\040\000D\000i\000m\000e\000n\000s\000i\000o\000n\000a\000l\000\040\000I\000d\000e\000n\000t\000i\000t\000y\000\040\000o\000f\000\040\000M\000a\000s\000s\000\040\000M\000o\000d\000e\000s}{section.4}% 27
\BOOKMARK [2][-]{subsection.4.17}{\376\377\000T\000h\000e\000o\000r\000e\000m\000\040\0001\000.\0001\0007\000\040\040\024\000\040\000C\000h\000e\000m\000i\000c\000a\000l\040\023\000C\000o\000s\000m\000o\000l\000o\000g\000i\000c\000a\000l\000\040\000D\000u\000a\000l\000i\000t\000y}{section.4}% 28
\BOOKMARK [2][-]{subsection.4.18}{\376\377\000T\000h\000e\000o\000r\000e\000m\000\040\0001\000.\0001\0008\000\040\040\024\000\040\000B\000i\000o\000l\000o\000g\000i\000c\000a\000l\000\040\000C\000l\000o\000s\000u\000r\000e}{section.4}% 29
\BOOKMARK [2][-]{subsection.4.19}{\376\377\000T\000h\000e\000o\000r\000e\000m\000\040\0001\000.\0001\0009\000\040\040\024\000\040\000U\000n\000i\000f\000i\000e\000d\000\040\000N\000u\000c\000l\000e\000a\000r\000\040\000G\000e\000o\000m\000e\000t\000r\000y}{section.4}% 30
\BOOKMARK [2][-]{subsection.4.20}{\376\377\000T\000h\000e\000o\000r\000e\000m\000\040\0001\000.\0002\0000\000\040\040\024\000\040\000U\000n\000i\000v\000e\000r\000s\000a\000l\000\040\000I\000n\000f\000e\000r\000e\000n\000c\000e\000\040\000P\000r\000i\000n\000c\000i\000p\000l\000e}{section.4}% 31
\BOOKMARK [1][-]{section.5}{\376\377\000P\000h\000y\000s\000i\000c\000a\000l\000\040\000D\000e\000r\000i\000v\000a\000t\000i\000o\000n\000s}{}% 32
\BOOKMARK [2][-]{subsection.5.1}{\376\377\000F\000i\000n\000e\000-\000S\000t\000r\000u\000c\000t\000u\000r\000e\000\040\000C\000o\000n\000s\000t\000a\000n\000t}{section.5}% 33
\BOOKMARK [1][-]{section.6}{\376\377\000E\000x\000a\000c\000t\000\040\000D\000e\000r\000i\000v\000a\000t\000i\000o\000n\000\040\000o\000f\000\040\000t\000h\000e\000\040\000F\000i\000n\000e\000-\000S\000t\000r\000u\000c\000t\000u\000r\000e\000\040\000C\000o\000n\000s\000t\000a\000n\000t}{}% 34
\BOOKMARK [2][-]{subsection.6.1}{\376\377\000G\000e\000o\000m\000e\000t\000r\000i\000c\000\040\000E\000l\000e\000c\000t\000r\000o\000m\000a\000g\000n\000e\000t\000i\000c\000\040\000F\000l\000u\000x\000\040\000Q\000u\000a\000n\000t\000i\000z\000a\000t\000i\000o\000n}{section.6}% 35
\BOOKMARK [2][-]{subsection.6.2}{\376\377\000E\000x\000a\000c\000t\000\040\000E\000x\000p\000r\000e\000s\000s\000i\000o\000n\000\040\000f\000o\000r\000\040}{section.6}% 36
\BOOKMARK [2][-]{subsection.6.3}{\376\377\000N\000u\000m\000e\000r\000i\000c\000a\000l\000\040\000P\000r\000e\000d\000i\000c\000t\000i\000o\000n}{section.6}% 37
\BOOKMARK [2][-]{subsection.6.4}{\376\377\000I\000n\000t\000e\000r\000p\000r\000e\000t\000a\000t\000i\000o\000n}{section.6}% 38
\BOOKMARK [2][-]{subsection.6.5}{\376\377\000C\000o\000r\000o\000l\000l\000a\000r\000y\000:\000\040\000U\000n\000i\000c\000i\000t\000y\000\040\000o\000f\000\040\000E\000l\000e\000c\000t\000r\000o\000m\000a\000g\000n\000e\000t\000i\000s\000m}{section.6}% 39
\BOOKMARK [2][-]{subsection.6.6}{\376\377\000H\000a\000d\000r\000o\000n\000i\000c\000\040\000M\000a\000s\000s\000e\000s}{section.6}% 40
\BOOKMARK [1][-]{section.7}{\376\377\000H\000a\000d\000r\000o\000n\000i\000c\000\040\000M\000a\000s\000s\000e\000s\000\040\000a\000s\000\040\000F\000r\000a\000c\000t\000a\000l\000\040\000M\000o\000d\000e\000s\000\040\000o\000f\000\040\000t\000h\000e\000\040\000T\0007\000\040\000T\000o\000r\000u\000s}{}% 41
\BOOKMARK [2][-]{subsection.7.1}{\376\377\000F\000r\000a\000c\000t\000a\000l\000\040\000M\000a\000s\000s\000\040\000I\000n\000d\000e\000x}{section.7}% 42
\BOOKMARK [2][-]{subsection.7.2}{\376\377\000F\000r\000a\000c\000t\000a\000l\000\040\000M\000a\000s\000s\000\040\000L\000a\000w}{section.7}% 43
\BOOKMARK [2][-]{subsection.7.3}{\376\377\000P\000r\000e\000d\000i\000c\000t\000i\000o\000n\000s\000\040\000f\000o\000r\000\040\000L\000i\000g\000h\000t\000\040\000H\000a\000d\000r\000o\000n\000s}{section.7}% 44
\BOOKMARK [2][-]{subsection.7.4}{\376\377\000H\000e\000a\000v\000y\000\040\000V\000e\000c\000t\000o\000r\000\040\000B\000o\000s\000o\000n\000s}{section.7}% 45
\BOOKMARK [2][-]{subsection.7.5}{\376\377\000I\000n\000t\000e\000r\000p\000r\000e\000t\000a\000t\000i\000o\000n}{section.7}% 46
\BOOKMARK [2][-]{subsection.7.6}{\376\377\000C\000o\000r\000o\000l\000l\000a\000r\000y\000:\000\040\000R\000e\000s\000o\000l\000u\000t\000i\000o\000n\000\040\000o\000f\000\040\000t\000h\000e\000\040\000M\000a\000s\000s\000\040\000H\000i\000e\000r\000a\000r\000c\000h\000y\000\040\000P\000r\000o\000b\000l\000e\000m}{section.7}% 47
\BOOKMARK [2][-]{subsection.7.7}{\376\377\000M\000u\000o\000n\000\040\000A\000n\000o\000m\000a\000l\000o\000u\000s\000\040\000M\000o\000m\000e\000n\000t}{section.7}% 48
\BOOKMARK [1][-]{section.8}{\376\377\000R\000e\000s\000o\000l\000u\000t\000i\000o\000n\000\040\000o\000f\000\040\000t\000h\000e\000\040\000M\000u\000o\000n\000\040\000g\000-\0002\000\040\000A\000n\000o\000m\000a\000l\000y\000\040\000f\000r\000o\000m\000\040\000F\000r\000a\000c\000t\000a\000l\000\040\000H\000a\000d\000r\000o\000n\000i\000c\000\040\000M\000o\000d\000e\000s}{}% 49
\BOOKMARK [2][-]{subsection.8.1}{\376\377\000F\000r\000a\000c\000t\000a\000l\000\040\000H\000a\000d\000r\000o\000n\000i\000c\000\040\000K\000e\000r\000n\000e\000l}{section.8}% 50
\BOOKMARK [2][-]{subsection.8.2}{\376\377\000C\000M\000F\000O\000\040\000I\000n\000t\000e\000g\000r\000a\000l\000\040\000f\000o\000r\000\040\000a\000h\000a\000d}{section.8}% 51
\BOOKMARK [2][-]{subsection.8.3}{\376\377\000M\000a\000i\000n\000\040\000R\000e\000s\000u\000l\000t}{section.8}% 52
\BOOKMARK [2][-]{subsection.8.4}{\376\377\000C\000o\000n\000s\000e\000q\000u\000e\000n\000c\000e\000s}{section.8}% 53
\BOOKMARK [2][-]{subsection.8.5}{\376\377\000C\000o\000r\000o\000l\000l\000a\000r\000y\000:\000\040\000U\000n\000i\000v\000e\000r\000s\000a\000l\000i\000t\000y\000\040\000o\000f\000\040\000t\000h\000e\000\040\000F\000r\000a\000c\000t\000a\000l\000\040\000M\000a\000s\000s\000\040\000M\000e\000c\000h\000a\000n\000i\000s\000m}{section.8}% 54
\BOOKMARK [2][-]{subsection.8.6}{\376\377\000C\000o\000s\000m\000o\000l\000o\000g\000i\000c\000a\000l\000\040\000P\000a\000r\000a\000m\000e\000t\000e\000r\000s}{section.8}% 55
\BOOKMARK [1][-]{section.9}{\376\377\000F\000r\000a\000c\000t\000a\000l\000\040\000C\000o\000s\000m\000o\000l\000o\000g\000y\000\040\000f\000r\000o\000m\000\040\000t\000h\000e\000\040\000T\0007\000\040\000T\000o\000r\000u\000s}{}% 56
\BOOKMARK [2][-]{subsection.9.1}{\376\377\000V\000a\000c\000u\000u\000m\000\040\000E\000n\000e\000r\000g\000y\000\040\000f\000r\000o\000m\000\040\000F\000r\000a\000c\000t\000a\000l\000\040\000M\000o\000d\000e\000\040\000S\000t\000r\000u\000c\000t\000u\000r\000e}{section.9}% 57
\BOOKMARK [2][-]{subsection.9.2}{\376\377\000D\000e\000r\000i\000v\000a\000t\000i\000o\000n\000\040\000o\000f\000\040\000t\000h\000e\000\040\000C\000o\000s\000m\000o\000l\000o\000g\000i\000c\000a\000l\000\040\000C\000o\000n\000s\000t\000a\000n\000t}{section.9}% 58
\BOOKMARK [2][-]{subsection.9.3}{\376\377\000F\000r\000a\000c\000t\000a\000l\000\040\000D\000e\000r\000i\000v\000a\000t\000i\000o\000n\000\040\000o\000f\000\040\000t\000h\000e\000\040\000H\000u\000b\000b\000l\000e\000\040\000P\000a\000r\000a\000m\000e\000t\000e\000r}{section.9}% 59
\BOOKMARK [2][-]{subsection.9.4}{\376\377\000C\000o\000n\000s\000e\000q\000u\000e\000n\000c\000e\000s\000\040\000a\000n\000d\000\040\000R\000e\000s\000o\000l\000u\000t\000i\000o\000n\000\040\000o\000f\000\040\000C\000o\000s\000m\000o\000l\000o\000g\000i\000c\000a\000l\000\040\000T\000e\000n\000s\000i\000o\000n\000s}{section.9}% 60
\BOOKMARK [2][-]{subsection.9.5}{\376\377\000C\000o\000r\000o\000l\000l\000a\000r\000y\000:\000\040\000F\000r\000a\000c\000t\000a\000l\000\040\000F\000r\000i\000e\000d\000m\000a\000n\000n\000\040\000D\000y\000n\000a\000m\000i\000c\000s}{section.9}% 61
\BOOKMARK [2][-]{subsection.9.6}{\376\377\000D\000i\000s\000c\000u\000s\000s\000i\000o\000n}{section.9}% 62
\BOOKMARK [1][-]{section.10}{\376\377\000F\000r\000a\000c\000t\000a\000l\000\040\000B\000i\000o\000l\000o\000g\000y}{}% 63
\BOOKMARK [1][-]{section.11}{\376\377\000F\000r\000a\000c\000t\000a\000l\000\040\000A\000u\000t\000o\000m\000a\000t\000o\000n\000\040\000S\000t\000r\000u\000c\000t\000u\000r\000e\000\040\000o\000f\000\040\000t\000h\000e\000\040\000G\000e\000n\000e\000t\000i\000c\000\040\000C\000o\000d\000e}{}% 64
\BOOKMARK [2][-]{subsection.11.1}{\376\377\000F\000r\000a\000c\000t\000a\000l\000\040\000A\000l\000p\000h\000a\000b\000e\000t\000\040\000o\000f\000\040\000S\000e\000v\000e\000n\000\040\000M\000o\000d\000e\000s}{section.11}% 65
\BOOKMARK [2][-]{subsection.11.2}{\376\377\000R\000e\000p\000l\000i\000c\000a\000t\000i\000o\000n\000\040\000a\000s\000\040\000F\000i\000x\000e\000d\000-\000P\000o\000i\000n\000t\000\040\000C\000o\000n\000d\000i\000t\000i\000o\000n}{section.11}% 66
\BOOKMARK [2][-]{subsection.11.3}{\376\377\000M\000a\000i\000n\000\040\000R\000e\000s\000u\000l\000t\000:\000\040\0006\0004\000\040\000S\000t\000a\000b\000l\000e\000\040\000C\000o\000d\000o\000n\000s}{section.11}% 67
\BOOKMARK [2][-]{subsection.11.4}{\376\377\000I\000n\000t\000e\000r\000p\000r\000e\000t\000a\000t\000i\000o\000n\000\040\000a\000n\000d\000\040\000B\000i\000o\000l\000o\000g\000i\000c\000a\000l\000\040\000R\000e\000l\000e\000v\000a\000n\000c\000e}{section.11}% 68
\BOOKMARK [2][-]{subsection.11.5}{\376\377\000C\000o\000r\000o\000l\000l\000a\000r\000y\000:\000\040\000U\000n\000i\000v\000e\000r\000s\000a\000l\000i\000t\000y\000\040\000o\000f\000\040\000t\000h\000e\000\040\000G\000e\000n\000e\000t\000i\000c\000\040\000C\000o\000d\000e}{section.11}% 69
\BOOKMARK [2][-]{subsection.11.6}{\376\377\000R\000e\000m\000a\000r\000k\000s}{section.11}% 70
\BOOKMARK [1][-]{section.12}{\376\377\000F\000r\000a\000c\000t\000a\000l\000\040\000C\000o\000m\000p\000u\000t\000a\000t\000i\000o\000n}{}% 71
\BOOKMARK [1][-]{section.13}{\376\377\000F\000r\000a\000c\000t\000a\000l\000\040\000C\000o\000m\000p\000u\000t\000a\000t\000i\000o\000n\000\040\000o\000n\000\040\000T\0007}{}% 72
\BOOKMARK [2][-]{subsection.13.1}{\376\377\000H\000a\000m\000i\000l\000t\000o\000n\000i\000a\000n\000\040\000E\000v\000o\000l\000u\000t\000i\000o\000n\000\040\000a\000n\000d\000\040\000R\000e\000v\000e\000r\000s\000i\000b\000i\000l\000i\000t\000y}{section.13}% 73
\BOOKMARK [2][-]{subsection.13.2}{\376\377\000F\000r\000a\000c\000t\000a\000l\000\040\000G\000a\000t\000e\000s\000\040\000a\000s\000\040\000R\000o\000t\000a\000t\000i\000o\000n\000s}{section.13}% 74
\BOOKMARK [2][-]{subsection.13.3}{\376\377\000F\000r\000a\000c\000t\000a\000l\000\040\000F\000o\000u\000r\000i\000e\000r\000\040\000T\000r\000a\000n\000s\000f\000o\000r\000m}{section.13}% 75
\BOOKMARK [2][-]{subsection.13.4}{\376\377\000I\000n\000f\000o\000r\000m\000a\000t\000i\000o\000n\000\040\000C\000a\000p\000a\000c\000i\000t\000y\000\040\000o\000f\000\040\000t\000h\000e\000\040\000F\000r\000a\000c\000t\000a\000l\000\040\000T\000o\000r\000u\000s}{section.13}% 76
\BOOKMARK [2][-]{subsection.13.5}{\376\377\000F\000r\000a\000c\000t\000a\000l\000\040\000A\000l\000g\000o\000r\000i\000t\000h\000m\000s}{section.13}% 77
\BOOKMARK [2][-]{subsection.13.6}{\376\377\000E\000x\000p\000e\000r\000i\000m\000e\000n\000t\000a\000l\000\040\000F\000a\000l\000s\000i\000f\000i\000a\000b\000i\000l\000i\000t\000y\000\040\000o\000f\000\040\000C\000M\000F\000O\000\040\000C\000o\000m\000p\000u\000t\000a\000t\000i\000o\000n\000a\000l\000\040\000C\000l\000a\000i\000m\000s}{section.13}% 78
\BOOKMARK [3][-]{subsubsection.13.6.1}{\376\377\000R\000e\000v\000e\000r\000s\000i\000b\000i\000l\000i\000t\000y\000:\000\040\000c\000o\000n\000c\000r\000e\000t\000e\000\040\000p\000r\000e\000d\000i\000c\000t\000i\000o\000n}{subsection.13.6}% 79
\BOOKMARK [3][-]{subsubsection.13.6.2}{\376\377\000F\000r\000a\000c\000t\000a\000l\000\040\000M\000e\000m\000o\000r\000y\000\040\000C\000a\000p\000a\000c\000i\000t\000y\000:\000\040\000-\0003\000\040\000b\000i\000t\000s}{subsection.13.6}% 80
\BOOKMARK [3][-]{subsubsection.13.6.3}{\376\377\000S\000p\000e\000e\000d\000-\000U\000p\000\040\000O\000v\000e\000r\000\040\000G\000r\000o\000v\000e\000r}{subsection.13.6}% 81
\BOOKMARK [3][-]{subsubsection.13.6.4}{\376\377\000S\000u\000m\000m\000a\000r\000y\000\040\000T\000a\000b\000l\000e}{subsection.13.6}% 82
\BOOKMARK [2][-]{subsection.13.7}{\376\377\000P\000h\000y\000s\000i\000c\000a\000l\000\040\000I\000n\000t\000e\000r\000p\000r\000e\000t\000a\000t\000i\000o\000n}{section.13}% 83
\BOOKMARK [1][-]{appendix.A}{\376\377\000L\000o\000g\000i\000c\000a\000l\000\040\000a\000n\000d\000\040\000M\000e\000t\000a\000p\000h\000y\000s\000i\000c\000a\000l\000\040\000L\000i\000m\000i\000t\000s\000\040\000o\000f\000\040\000C\000M\000F\000O}{}% 84
\BOOKMARK [1][-]{appendix.B}{\376\377\000L\000o\000g\000i\000c\000a\000l\000\040\000a\000n\000d\000\040\000M\000e\000t\000a\000p\000h\000y\000s\000i\000c\000a\000l\000\040\000L\000i\000m\000i\000t\000s\000\040\000o\000f\000\040\000t\000h\000e\000\040\000C\000M\000F\000O\000\040\000F\000o\000r\000m\000a\000l\000i\000s\000m}{}% 85
\BOOKMARK [2][-]{subsection.B.1}{\376\377\000I\000n\000t\000r\000o\000d\000u\000c\000t\000i\000o\000n}{appendix.B}% 86
\BOOKMARK [2][-]{subsection.B.2}{\376\377\000L\000i\000m\000i\000t\000\040\0001\000:\000\040\000O\000n\000t\000o\000l\000o\000g\000i\000c\000a\000l\000\040\000S\000t\000a\000t\000u\000s\000\040\000o\000f\000\040\000t\000h\000e\000\040\000G\000o\000l\000d\000e\000n\000\040\000R\000a\000t\000i\000o\000\040}{appendix.B}% 87
\BOOKMARK [2][-]{subsection.B.3}{\376\377\000L\000i\000m\000i\000t\000\040\0002\000:\000\040\000T\000h\000e\000\040\000P\000h\000y\000s\000i\000c\000a\000l\000\040\000A\000n\000c\000h\000o\000r\000\040\000m\000p\000/\000m\000e}{appendix.B}% 88
\BOOKMARK [2][-]{subsection.B.4}{\376\377\000L\000i\000m\000i\000t\000\040\0003\000:\000\040\000G\000\366\000d\000e\000l\000\040\000I\000n\000c\000o\000m\000p\000l\000e\000t\000e\000n\000e\000s\000s}{appendix.B}% 89
\BOOKMARK [2][-]{subsection.B.5}{\376\377\000L\000i\000m\000i\000t\000\040\0004\000:\000\040\000A\000n\000a\000l\000y\000t\000i\000c\000\040\000A\000s\000s\000u\000m\000p\000t\000i\000o\000n\000s\000\040\000a\000n\000d\000\040\000C\000o\000n\000v\000e\000r\000g\000e\000n\000c\000e}{appendix.B}% 90
\BOOKMARK [2][-]{subsection.B.6}{\376\377\000L\000i\000m\000i\000t\000\040\0005\000:\000\040\000N\000o\000n\000-\000S\000t\000a\000n\000d\000a\000r\000d\000\040\000M\000o\000d\000e\000l\000s}{appendix.B}% 91
\BOOKMARK [2][-]{subsection.B.7}{\376\377\000L\000i\000m\000i\000t\000\040\0006\000:\000\040\000D\000e\000f\000i\000n\000i\000t\000i\000o\000n\000\040\000o\000f\000\040\040\034\000O\000b\000s\000e\000r\000v\000e\000r\040\035}{appendix.B}% 92
\BOOKMARK [2][-]{subsection.B.8}{\376\377\000S\000y\000n\000t\000h\000e\000s\000i\000s}{appendix.B}% 93
\BOOKMARK [2][-]{subsection.B.9}{\376\377\000F\000i\000n\000a\000l\000\040\000V\000e\000r\000d\000i\000c\000t}{appendix.B}% 94
